0 info it worked if it ends with ok
1 verbose cli [ '/opt/local/bin/node', '/opt/local/bin/npm', 'install' ]
2 info using npm@2.1.7
3 info using node@v0.10.33
4 verbose install where, deps [ '/Users/bobby/hubot',
4 verbose install   [ 'hubot',
4 verbose install     'hubot-business-cat',
4 verbose install     'hubot-diagnostics',
4 verbose install     'hubot-google-images',
4 verbose install     'hubot-google-translate',
4 verbose install     'hubot-help',
4 verbose install     'hubot-heroku-keepalive',
4 verbose install     'hubot-hipchat',
4 verbose install     'hubot-maps',
4 verbose install     'hubot-plusplus',
4 verbose install     'hubot-pugme',
4 verbose install     'hubot-redis-brain',
4 verbose install     'hubot-rules',
4 verbose install     'hubot-scripts',
4 verbose install     'hubot-shipit',
4 verbose install     'hubot-youtube',
4 verbose install     'hubot-humanity',
4 verbose install     'hubot-seriouslyguys',
4 verbose install     'hubot-dogeme',
4 verbose install     'hubot-soon',
4 verbose install     'hubot-what-the-fox',
4 verbose install     'hubot-victory',
4 verbose install     'hubot-airtime',
4 verbose install     'hubot-tell',
4 verbose install     'applause',
4 verbose install     'ascii',
4 verbose install     'chuck-norris' ] ]
5 verbose install where, peers [ '/Users/bobby/hubot', [] ]
6 info preinstall hubot@0.0.0
7 warn package.json log@1.4.0 No repository field.
8 warn package.json readline-history@1.2.0 No repository field.
9 verbose already installed skipping hubot-maps@0.0.1 /Users/bobby/hubot
10 verbose already installed skipping hubot-plusplus@1.0.x /Users/bobby/hubot
11 verbose already installed skipping hubot-pugme@^0.1.0 /Users/bobby/hubot
12 verbose already installed skipping hubot-redis-brain@0.0.2 /Users/bobby/hubot
13 verbose already installed skipping hubot-rules@^0.1.0 /Users/bobby/hubot
14 verbose already installed skipping hubot-scripts@^2.5.16 /Users/bobby/hubot
15 verbose already installed skipping hubot-shipit@^0.1.1 /Users/bobby/hubot
16 verbose already installed skipping hubot-youtube@^0.1.2 /Users/bobby/hubot
17 verbose already installed skipping hubot-humanity@* /Users/bobby/hubot
18 verbose already installed skipping hubot-seriouslyguys@* /Users/bobby/hubot
19 verbose already installed skipping hubot-dogeme@* /Users/bobby/hubot
20 verbose already installed skipping hubot-soon@* /Users/bobby/hubot
21 verbose already installed skipping hubot-what-the-fox@* /Users/bobby/hubot
22 verbose already installed skipping hubot-victory@>= 0.0.0 /Users/bobby/hubot
23 silly cache add args [ 'hubot-airtime@latest', null ]
24 verbose cache add spec hubot-airtime@latest
25 verbose already installed skipping hubot-tell@* /Users/bobby/hubot
26 silly cache add parsed spec { raw: 'hubot-airtime@latest',
26 silly cache add   scope: null,
26 silly cache add   name: 'hubot-airtime',
26 silly cache add   rawSpec: 'latest',
26 silly cache add   spec: 'latest',
26 silly cache add   type: 'tag' }
27 verbose addNamed hubot-airtime@latest
28 silly addNamed semver.valid null
29 silly addNamed semver.validRange null
30 info addNameTag [ 'hubot-airtime', 'latest' ]
31 silly mapToRegistry name hubot-airtime
32 silly mapToRegistry using default registry
33 silly mapToRegistry registry https://registry.npmjs.org/
34 silly mapToRegistry uri https://registry.npmjs.org/hubot-airtime
35 verbose addNameTag registry:https://registry.npmjs.org/hubot-airtime not in flight; fetching
36 verbose already installed skipping applause@* /Users/bobby/hubot
37 verbose already installed skipping ascii@* /Users/bobby/hubot
38 silly cache add args [ 'chuck-norris@*', null ]
39 verbose cache add spec chuck-norris@*
40 silly cache add parsed spec { raw: 'chuck-norris@*',
40 silly cache add   scope: null,
40 silly cache add   name: 'chuck-norris',
40 silly cache add   rawSpec: '*',
40 silly cache add   spec: '*',
40 silly cache add   type: 'range' }
41 verbose addNamed chuck-norris@*
42 silly addNamed semver.valid null
43 silly addNamed semver.validRange *
44 silly addNameRange { name: 'chuck-norris', range: '*', hasData: false }
45 silly mapToRegistry name chuck-norris
46 silly mapToRegistry using default registry
47 silly mapToRegistry registry https://registry.npmjs.org/
48 silly mapToRegistry uri https://registry.npmjs.org/chuck-norris
49 verbose addNameRange registry:https://registry.npmjs.org/chuck-norris not in flight; fetching
50 verbose request uri https://registry.npmjs.org/chuck-norris
51 verbose request no auth needed
52 info attempt registry request try #1 at 11:11:26
53 verbose request id 7dcb6c1cca0145a9
54 http request GET https://registry.npmjs.org/chuck-norris
55 verbose already installed skipping hubot@* /Users/bobby/hubot
56 verbose already installed skipping hubot-business-cat@^1.1.9 /Users/bobby/hubot
57 verbose already installed skipping hubot-diagnostics@0.0.1 /Users/bobby/hubot
58 verbose already installed skipping hubot-google-images@^0.1.2 /Users/bobby/hubot
59 verbose already installed skipping hubot-google-translate@^0.1.0 /Users/bobby/hubot
60 verbose already installed skipping hubot-help@^0.1.1 /Users/bobby/hubot
61 verbose already installed skipping hubot-heroku-keepalive@0.0.4 /Users/bobby/hubot
62 verbose already installed skipping hubot-hipchat@^2.7.5 /Users/bobby/hubot
63 verbose request uri https://registry.npmjs.org/hubot-airtime
64 verbose request no auth needed
65 info attempt registry request try #1 at 11:11:26
66 verbose etag "7CXHUE6CQISHH2AGNARXEOGPI"
67 http request GET https://registry.npmjs.org/hubot-airtime
68 http 304 https://registry.npmjs.org/hubot-airtime
69 silly get cb [ 304,
69 silly get   { date: 'Tue, 23 Dec 2014 16:11:26 GMT',
69 silly get     server: 'Apache',
69 silly get     via: '1.1 varnish',
69 silly get     'last-modified': 'Tue, 23 Dec 2014 16:11:26 GMT',
69 silly get     'cache-control': 'max-age=60',
69 silly get     etag: '"7CXHUE6CQISHH2AGNARXEOGPI"',
69 silly get     age: '0',
69 silly get     'x-served-by': 'cache-jfk1028-JFK',
69 silly get     'x-cache': 'HIT',
69 silly get     'x-cache-hits': '1',
69 silly get     'x-timer': 'S1419351086.324895,VS0,VE13',
69 silly get     vary: 'Accept',
69 silly get     'content-length': '0',
69 silly get     'keep-alive': 'timeout=10, max=50',
69 silly get     connection: 'Keep-Alive' } ]
70 verbose etag https://registry.npmjs.org/hubot-airtime from cache
71 silly addNameTag next cb for hubot-airtime with tag latest
72 verbose addNamed hubot-airtime@1.0.1
73 silly addNamed semver.valid 1.0.1
74 silly addNamed semver.validRange 1.0.1
75 silly cache afterAdd hubot-airtime@1.0.1
76 verbose afterAdd /Users/bobby/.npm/hubot-airtime/1.0.1/package/package.json not in flight; writing
77 verbose afterAdd /Users/bobby/.npm/hubot-airtime/1.0.1/package/package.json written
78 info already installed hubot-airtime@1.0.1
79 http 404 https://registry.npmjs.org/chuck-norris
80 verbose headers { date: 'Tue, 23 Dec 2014 16:11:26 GMT',
80 verbose headers   server: 'CouchDB/1.5.0 (Erlang OTP/R16B03)',
80 verbose headers   'content-type': 'application/json',
80 verbose headers   'cache-control': 'max-age=0',
80 verbose headers   'content-length': '52',
80 verbose headers   'accept-ranges': 'bytes',
80 verbose headers   via: '1.1 varnish',
80 verbose headers   age: '0',
80 verbose headers   'x-served-by': 'cache-jfk1029-JFK',
80 verbose headers   'x-cache': 'MISS',
80 verbose headers   'x-cache-hits': '0',
80 verbose headers   'x-timer': 'S1419351086.327093,VS0,VE364',
80 verbose headers   'keep-alive': 'timeout=10, max=50',
80 verbose headers   connection: 'Keep-Alive' }
81 silly get cb [ 404,
81 silly get   { date: 'Tue, 23 Dec 2014 16:11:26 GMT',
81 silly get     server: 'CouchDB/1.5.0 (Erlang OTP/R16B03)',
81 silly get     'content-type': 'application/json',
81 silly get     'cache-control': 'max-age=0',
81 silly get     'content-length': '52',
81 silly get     'accept-ranges': 'bytes',
81 silly get     via: '1.1 varnish',
81 silly get     age: '0',
81 silly get     'x-served-by': 'cache-jfk1029-JFK',
81 silly get     'x-cache': 'MISS',
81 silly get     'x-cache-hits': '0',
81 silly get     'x-timer': 'S1419351086.327093,VS0,VE364',
81 silly get     'keep-alive': 'timeout=10, max=50',
81 silly get     connection: 'Keep-Alive' } ]
82 verbose stack Error: 404 Not Found: chuck-norris
82 verbose stack     at CachingRegistryClient.<anonymous> (/opt/local/lib/node_modules/npm/node_modules/npm-registry-client/lib/request.js:232:14)
82 verbose stack     at Request._callback (/opt/local/lib/node_modules/npm/node_modules/npm-registry-client/lib/request.js:172:14)
82 verbose stack     at Request.self.callback (/opt/local/lib/node_modules/npm/node_modules/request/request.js:372:22)
82 verbose stack     at Request.emit (events.js:98:17)
82 verbose stack     at Request.<anonymous> (/opt/local/lib/node_modules/npm/node_modules/request/request.js:1310:14)
82 verbose stack     at Request.emit (events.js:117:20)
82 verbose stack     at IncomingMessage.<anonymous> (/opt/local/lib/node_modules/npm/node_modules/request/request.js:1258:12)
82 verbose stack     at IncomingMessage.emit (events.js:117:20)
82 verbose stack     at _stream_readable.js:943:16
82 verbose stack     at process._tickCallback (node.js:419:13)
83 verbose statusCode 404
84 verbose pkgid chuck-norris
85 verbose cwd /Users/bobby/hubot
86 error Darwin 14.0.0
87 error argv "/opt/local/bin/node" "/opt/local/bin/npm" "install"
88 error node v0.10.33
89 error npm  v2.1.7
90 error code E404
91 error 404 Not Found: chuck-norris
91 error 404
91 error 404 'chuck-norris' is not in the npm registry.
91 error 404 You should bug the author to publish it (or use the name yourself!)
91 error 404 It was specified as a dependency of 'hubot'
91 error 404
91 error 404 Note that you can also install from a
91 error 404 tarball, folder, http url, or git url.
92 verbose exit [ 1, true ]
